# JRE version: OpenJDK Runtime Environment (7.0_121) (build 1.7.0_121-b00)
# Java VM: OpenJDK 64-Bit Server VM (24.121-b00 mixed mode linux-amd64 compressed oops)
Heap
 PSYoungGen      total 276992K, used 47654K [0x00000007d6900000, 0x00000007f4600000, 0x0000000800000000)
  eden space 240640K, 19% used [0x00000007d6900000,0x00000007d9789b38,0x00000007e5400000)
  from space 36352K, 0% used [0x00000007e5400000,0x00000007e5400000,0x00000007e7780000)
  to   space 51712K, 0% used [0x00000007f1380000,0x00000007f1380000,0x00000007f4600000)
 ParOldGen       total 118784K, used 50473K [0x0000000783c00000, 0x000000078b000000, 0x00000007d6900000)
  object space 118784K, 42% used [0x0000000783c00000,0x0000000786d4a600,0x000000078b000000)
 PSPermGen       total 64512K, used 32312K [0x0000000779600000, 0x000000077d500000, 0x0000000783c00000)
  object space 64512K, 50% used [0x0000000779600000,0x000000077b58e110,0x000000077d500000)
GC Heap History (10 events):
Event: 6.780 GC heap before
{Heap before GC invocations=6 (full 0):
 PSYoungGen      total 69632K, used 69600K [0x00000007d6900000, 0x00000007df900000, 0x0000000800000000)
  eden space 64512K, 100% used [0x00000007d6900000,0x00000007da800000,0x00000007da800000)
  from space 5120K, 99% used [0x00000007da800000,0x00000007dacf8020,0x00000007dad00000)
  to   space 9216K, 0% used [0x00000007df000000,0x00000007df000000,0x00000007df900000)
 ParOldGen       total 84480K, used 8702K [0x0000000783c00000, 0x0000000788e80000, 0x00000007d6900000)
  object space 84480K, 10% used [0x0000000783c00000,0x000000078447f8f8,0x0000000788e80000)
 PSPermGen       total 21504K, used 20106K [0x0000000779600000, 0x000000077ab00000, 0x0000000783c00000)
  object space 21504K, 93% used [0x0000000779600000,0x000000077a9a2840,0x000000077ab00000)
Event: 6.829 GC heap after
Heap after GC invocations=6 (full 0):
 PSYoungGen      total 130048K, used 9208K [0x00000007d6900000, 0x00000007e0900000, 0x0000000800000000)
  eden space 120832K, 0% used [0x00000007d6900000,0x00000007d6900000,0x00000007ddf00000)
  from space 9216K, 99% used [0x00000007df000000,0x00000007df8fe198,0x00000007df900000)
  to   space 17408K, 0% used [0x00000007ddf00000,0x00000007ddf00000,0x00000007df000000)
 ParOldGen       total 84480K, used 21549K [0x0000000783c00000, 0x0000000788e80000, 0x00000007d6900000)
  object space 84480K, 25% used [0x0000000783c00000,0x000000078510b728,0x0000000788e80000)
 PSPermGen       total 21504K, used 20106K [0x0000000779600000, 0x000000077ab00000, 0x0000000783c00000)
  object space 21504K, 93% used [0x0000000779600000,0x000000077a9a2840,0x000000077ab00000)
}
Event: 11.015 GC heap before
{Heap before GC invocations=7 (full 0):
 PSYoungGen      total 130048K, used 130040K [0x00000007d6900000, 0x00000007e0900000, 0x0000000800000000)
  eden space 120832K, 100% used [0x00000007d6900000,0x00000007ddf00000,0x00000007ddf00000)
  from space 9216K, 99% used [0x00000007df000000,0x00000007df8fe198,0x00000007df900000)
  to   space 17408K, 0% used [0x00000007ddf00000,0x00000007ddf00000,0x00000007df000000)
 ParOldGen       total 84480K, used 21549K [0x0000000783c00000, 0x0000000788e80000, 0x00000007d6900000)
  object space 84480K, 25% used [0x0000000783c00000,0x000000078510b728,0x0000000788e80000)
 PSPermGen       total 21504K, used 21044K [0x0000000779600000, 0x000000077ab00000, 0x0000000783c00000)
  object space 21504K, 97% used [0x0000000779600000,0x000000077aa8d228,0x000000077ab00000)
Event: 11.113 GC heap after
Heap after GC invocations=7 (full 0):
 PSYoungGen      total 138240K, used 17392K [0x00000007d6900000, 0x00000007e9a00000, 0x0000000800000000)
  eden space 120832K, 0% used [0x00000007d6900000,0x00000007d6900000,0x00000007ddf00000)
  from space 17408K, 99% used [0x00000007ddf00000,0x00000007deffc3a0,0x00000007df000000)
  to   space 35328K, 0% used [0x00000007e7780000,0x00000007e7780000,0x00000007e9a00000)
 ParOldGen       total 84480K, used 50726K [0x0000000783c00000, 0x0000000788e80000, 0x00000007d6900000)
  object space 84480K, 60% used [0x0000000783c00000,0x0000000786d89858,0x0000000788e80000)
 PSPermGen       total 21504K, used 21044K [0x0000000779600000, 0x000000077ab00000, 0x0000000783c00000)
  object space 21504K, 97% used [0x0000000779600000,0x000000077aa8d228,0x000000077ab00000)
}
Event: 14.477 GC heap before
{Heap before GC invocations=8 (full 0):
 PSYoungGen      total 138240K, used 138224K [0x00000007d6900000, 0x00000007e9a00000, 0x0000000800000000)
  eden space 120832K, 100% used [0x00000007d6900000,0x00000007ddf00000,0x00000007ddf00000)
  from space 17408K, 99% used [0x00000007ddf00000,0x00000007deffc3a0,0x00000007df000000)
  to   space 35328K, 0% used [0x00000007e7780000,0x00000007e7780000,0x00000007e9a00000)
 ParOldGen       total 84480K, used 50726K [0x0000000783c00000, 0x0000000788e80000, 0x00000007d6900000)
  object space 84480K, 60% used [0x0000000783c00000,0x0000000786d89858,0x0000000788e80000)
 PSPermGen       total 21504K, used 21269K [0x0000000779600000, 0x000000077ab00000, 0x0000000783c00000)
  object space 21504K, 98% used [0x0000000779600000,0x000000077aac54f8,0x000000077ab00000)
Event: 14.651 GC heap after
Heap after GC invocations=8 (full 0):
 PSYoungGen      total 275968K, used 22675K [0x00000007d6900000, 0x00000007e9c00000, 0x0000000800000000)
  eden space 240640K, 0% used [0x00000007d6900000,0x00000007d6900000,0x00000007e5400000)
  from space 35328K, 64% used [0x00000007e7780000,0x00000007e8da4d40,0x00000007e9a00000)
  to   space 36352K, 0% used [0x00000007e5400000,0x00000007e5400000,0x00000007e7780000)
 ParOldGen       total 84480K, used 52766K [0x0000000783c00000, 0x0000000788e80000, 0x00000007d6900000)
  object space 84480K, 62% used [0x0000000783c00000,0x0000000786f87858,0x0000000788e80000)
 PSPermGen       total 21504K, used 21269K [0x0000000779600000, 0x000000077ab00000, 0x0000000783c00000)
  object space 21504K, 98% used [0x0000000779600000,0x000000077aac54f8,0x000000077ab00000)
}
Event: 22.234 GC heap before
{Heap before GC invocations=9 (full 0):
 PSYoungGen      total 275968K, used 263315K [0x00000007d6900000, 0x00000007e9c00000, 0x0000000800000000)
  eden space 240640K, 100% used [0x00000007d6900000,0x00000007e5400000,0x00000007e5400000)
  from space 35328K, 64% used [0x00000007e7780000,0x00000007e8da4d40,0x00000007e9a00000)
  to   space 36352K, 0% used [0x00000007e5400000,0x00000007e5400000,0x00000007e7780000)
 ParOldGen       total 84480K, used 52766K [0x0000000783c00000, 0x0000000788e80000, 0x00000007d6900000)
  object space 84480K, 62% used [0x0000000783c00000,0x0000000786f87858,0x0000000788e80000)
 PSPermGen       total 32256K, used 32134K [0x0000000779600000, 0x000000077b580000, 0x0000000783c00000)
  object space 32256K, 99% used [0x0000000779600000,0x000000077b561920,0x000000077b580000)
Event: 22.340 GC heap after
Heap after GC invocations=9 (full 0):
 PSYoungGen      total 276992K, used 36330K [0x00000007d6900000, 0x00000007f4600000, 0x0000000800000000)
  eden space 240640K, 0% used [0x00000007d6900000,0x00000007d6900000,0x00000007e5400000)
  from space 36352K, 99% used [0x00000007e5400000,0x00000007e777a8b8,0x00000007e7780000)
  to   space 51712K, 0% used [0x00000007f1380000,0x00000007f1380000,0x00000007f4600000)
 ParOldGen       total 84480K, used 75724K [0x0000000783c00000, 0x0000000788e80000, 0x00000007d6900000)
  object space 84480K, 89% used [0x0000000783c00000,0x00000007885f3050,0x0000000788e80000)
 PSPermGen       total 32256K, used 32134K [0x0000000779600000, 0x000000077b580000, 0x0000000783c00000)
  object space 32256K, 99% used [0x0000000779600000,0x000000077b561920,0x000000077b580000)
}
Event: 22.340 GC heap before
{Heap before GC invocations=10 (full 1):
 PSYoungGen      total 276992K, used 36330K [0x00000007d6900000, 0x00000007f4600000, 0x0000000800000000)
  eden space 240640K, 0% used [0x00000007d6900000,0x00000007d6900000,0x00000007e5400000)
  from space 36352K, 99% used [0x00000007e5400000,0x00000007e777a8b8,0x00000007e7780000)
  to   space 51712K, 0% used [0x00000007f1380000,0x00000007f1380000,0x00000007f4600000)
 ParOldGen       total 84480K, used 75724K [0x0000000783c00000, 0x0000000788e80000, 0x00000007d6900000)
  object space 84480K, 89% used [0x0000000783c00000,0x00000007885f3050,0x0000000788e80000)
 PSPermGen       total 32256K, used 32134K [0x0000000779600000, 0x000000077b580000, 0x0000000783c00000)
  object space 32256K, 99% used [0x0000000779600000,0x000000077b561920,0x000000077b580000)
Event: 22.555 GC heap after
Heap after GC invocations=10 (full 1):
 PSYoungGen      total 276992K, used 0K [0x00000007d6900000, 0x00000007f4600000, 0x0000000800000000)
  eden space 240640K, 0% used [0x00000007d6900000,0x00000007d6900000,0x00000007e5400000)
  from space 36352K, 0% used [0x00000007e5400000,0x00000007e5400000,0x00000007e7780000)
  to   space 51712K, 0% used [0x00000007f1380000,0x00000007f1380000,0x00000007f4600000)
 ParOldGen       total 118784K, used 50473K [0x0000000783c00000, 0x000000078b000000, 0x00000007d6900000)
  object space 118784K, 42% used [0x0000000783c00000,0x0000000786d4a600,0x000000078b000000)
 PSPermGen       total 64512K, used 32114K [0x0000000779600000, 0x000000077d500000, 0x0000000783c00000)
  object space 64512K, 49% used [0x0000000779600000,0x000000077b55c808,0x000000077d500000)
}

